# JRE version: OpenJDK Runtime Environment (8.0_242-b01) (build 1.8.0_242-release-1644-b01)
# Java VM: OpenJDK 64-Bit Server VM (25.242-b01 mixed mode windows-amd64 compressed oops)
Heap:
 PSYoungGen      total 645120K, used 228650K [0x00000000d5580000, 0x00000000ffa00000, 0x0000000100000000)
  eden space 604672K, 35% used [0x00000000d5580000,0x00000000e286bd60,0x00000000fa400000)
  from space 40448K, 31% used [0x00000000fd280000,0x00000000fdeded40,0x00000000ffa00000)
  to   space 44032K, 0% used [0x00000000fa400000,0x00000000fa400000,0x00000000fcf00000)
 ParOldGen       total 301568K, used 188481K [0x0000000080000000, 0x0000000092680000, 0x00000000d5580000)
  object space 301568K, 62% used [0x0000000080000000,0x000000008b810670,0x0000000092680000)
 Metaspace       used 140868K, capacity 148460K, committed 148952K, reserved 1177600K
  class space    used 18342K, capacity 19788K, committed 19968K, reserved 1048576K
GC Heap History (10 events):
Event: 1209.669 GC heap before
{Heap before GC invocations=33 (full 5):
 PSYoungGen      total 555008K, used 517052K [0x00000000d5580000, 0x00000000ff680000, 0x0000000100000000)
  eden space 501248K, 100% used [0x00000000d5580000,0x00000000f3f00000,0x00000000f3f00000)
  from space 53760K, 29% used [0x00000000f3f00000,0x00000000f4e6f298,0x00000000f7380000)
  to   space 51200K, 0% used [0x00000000fc480000,0x00000000fc480000,0x00000000ff680000)
 ParOldGen       total 301568K, used 155718K [0x0000000080000000, 0x0000000092680000, 0x00000000d5580000)
  object space 301568K, 51% used [0x0000000080000000,0x0000000089811888,0x0000000092680000)
 Metaspace       used 140620K, capacity 148244K, committed 148696K, reserved 1177600K
  class space    used 18341K, capacity 19788K, committed 19968K, reserved 1048576K
Event: 1209.703 GC heap after
Heap after GC invocations=33 (full 5):
 PSYoungGen      total 629760K, used 4576K [0x00000000d5580000, 0x00000000ff280000, 0x0000000100000000)
  eden space 582656K, 0% used [0x00000000d5580000,0x00000000d5580000,0x00000000f8e80000)
  from space 47104K, 9% used [0x00000000fc480000,0x00000000fc8f8000,0x00000000ff280000)
  to   space 51200K, 0% used [0x00000000f8e80000,0x00000000f8e80000,0x00000000fc080000)
 ParOldGen       total 301568K, used 169141K [0x0000000080000000, 0x0000000092680000, 0x00000000d5580000)
  object space 301568K, 56% used [0x0000000080000000,0x000000008a52d4b8,0x0000000092680000)
 Metaspace       used 140620K, capacity 148244K, committed 148696K, reserved 1177600K
  class space    used 18341K, capacity 19788K, committed 19968K, reserved 1048576K
}
Event: 1212.618 GC heap before
{Heap before GC invocations=34 (full 5):
 PSYoungGen      total 629760K, used 587232K [0x00000000d5580000, 0x00000000ff280000, 0x0000000100000000)
  eden space 582656K, 100% used [0x00000000d5580000,0x00000000f8e80000,0x00000000f8e80000)
  from space 47104K, 9% used [0x00000000fc480000,0x00000000fc8f8000,0x00000000ff280000)
  to   space 51200K, 0% used [0x00000000f8e80000,0x00000000f8e80000,0x00000000fc080000)
 ParOldGen       total 301568K, used 169141K [0x0000000080000000, 0x0000000092680000, 0x00000000d5580000)
  object space 301568K, 56% used [0x0000000080000000,0x000000008a52d4b8,0x0000000092680000)
 Metaspace       used 140708K, capacity 148308K, committed 148952K, reserved 1177600K
  class space    used 18341K, capacity 19788K, committed 19968K, reserved 1048576K
Event: 1212.669 GC heap after
Heap after GC invocations=34 (full 5):
 PSYoungGen      total 633856K, used 9980K [0x00000000d5580000, 0x0000000100000000, 0x0000000100000000)
  eden space 582656K, 0% used [0x00000000d5580000,0x00000000d5580000,0x00000000f8e80000)
  from space 51200K, 19% used [0x00000000f8e80000,0x00000000f983f0d8,0x00000000fc080000)
  to   space 49152K, 0% used [0x00000000fd000000,0x00000000fd000000,0x0000000100000000)
 ParOldGen       total 301568K, used 172249K [0x0000000080000000, 0x0000000092680000, 0x00000000d5580000)
  object space 301568K, 57% used [0x0000000080000000,0x000000008a8364d8,0x0000000092680000)
 Metaspace       used 140708K, capacity 148308K, committed 148952K, reserved 1177600K
  class space    used 18341K, capacity 19788K, committed 19968K, reserved 1048576K
}
Event: 1215.400 GC heap before
{Heap before GC invocations=35 (full 5):
 PSYoungGen      total 633856K, used 592636K [0x00000000d5580000, 0x0000000100000000, 0x0000000100000000)
  eden space 582656K, 100% used [0x00000000d5580000,0x00000000f8e80000,0x00000000f8e80000)
  from space 51200K, 19% used [0x00000000f8e80000,0x00000000f983f0d8,0x00000000fc080000)
  to   space 49152K, 0% used [0x00000000fd000000,0x00000000fd000000,0x0000000100000000)
 ParOldGen       total 301568K, used 172249K [0x0000000080000000, 0x0000000092680000, 0x00000000d5580000)
  object space 301568K, 57% used [0x0000000080000000,0x000000008a8364d8,0x0000000092680000)
 Metaspace       used 140807K, capacity 148376K, committed 148952K, reserved 1177600K
  class space    used 18342K, capacity 19788K, committed 19968K, reserved 1048576K
Event: 1215.460 GC heap after
Heap after GC invocations=35 (full 5):
 PSYoungGen      total 642560K, used 9488K [0x00000000d5580000, 0x00000000ffb00000, 0x0000000100000000)
  eden space 598528K, 0% used [0x00000000d5580000,0x00000000d5580000,0x00000000f9e00000)
  from space 44032K, 21% used [0x00000000fd000000,0x00000000fd944170,0x00000000ffb00000)
  to   space 47616K, 0% used [0x00000000f9e00000,0x00000000f9e00000,0x00000000fcc80000)
 ParOldGen       total 301568K, used 179711K [0x0000000080000000, 0x0000000092680000, 0x00000000d5580000)
  object space 301568K, 59% used [0x0000000080000000,0x000000008af7ffb8,0x0000000092680000)
 Metaspace       used 140807K, capacity 148376K, committed 148952K, reserved 1177600K
  class space    used 18342K, capacity 19788K, committed 19968K, reserved 1048576K
}
Event: 1219.405 GC heap before
{Heap before GC invocations=36 (full 5):
 PSYoungGen      total 642560K, used 608016K [0x00000000d5580000, 0x00000000ffb00000, 0x0000000100000000)
  eden space 598528K, 100% used [0x00000000d5580000,0x00000000f9e00000,0x00000000f9e00000)
  from space 44032K, 21% used [0x00000000fd000000,0x00000000fd944170,0x00000000ffb00000)
  to   space 47616K, 0% used [0x00000000f9e00000,0x00000000f9e00000,0x00000000fcc80000)
 ParOldGen       total 301568K, used 179711K [0x0000000080000000, 0x0000000092680000, 0x00000000d5580000)
  object space 301568K, 59% used [0x0000000080000000,0x000000008af7ffb8,0x0000000092680000)
 Metaspace       used 140834K, capacity 148456K, committed 148952K, reserved 1177600K
  class space    used 18342K, capacity 19788K, committed 19968K, reserved 1048576K
Event: 1219.528 GC heap after
Heap after GC invocations=36 (full 5):
 PSYoungGen      total 646144K, used 7045K [0x00000000d5580000, 0x0000000100000000, 0x0000000100000000)
  eden space 598528K, 0% used [0x00000000d5580000,0x00000000d5580000,0x00000000f9e00000)
  from space 47616K, 14% used [0x00000000f9e00000,0x00000000fa4e1440,0x00000000fcc80000)
  to   space 46592K, 0% used [0x00000000fd280000,0x00000000fd280000,0x0000000100000000)
 ParOldGen       total 301568K, used 185062K [0x0000000080000000, 0x0000000092680000, 0x00000000d5580000)
  object space 301568K, 61% used [0x0000000080000000,0x000000008b4b9b58,0x0000000092680000)
 Metaspace       used 140834K, capacity 148456K, committed 148952K, reserved 1177600K
  class space    used 18342K, capacity 19788K, committed 19968K, reserved 1048576K
}
Event: 1222.397 GC heap before
{Heap before GC invocations=37 (full 5):
 PSYoungGen      total 646144K, used 605573K [0x00000000d5580000, 0x0000000100000000, 0x0000000100000000)
  eden space 598528K, 100% used [0x00000000d5580000,0x00000000f9e00000,0x00000000f9e00000)
  from space 47616K, 14% used [0x00000000f9e00000,0x00000000fa4e1440,0x00000000fcc80000)
  to   space 46592K, 0% used [0x00000000fd280000,0x00000000fd280000,0x0000000100000000)
 ParOldGen       total 301568K, used 185062K [0x0000000080000000, 0x0000000092680000, 0x00000000d5580000)
  object space 301568K, 61% used [0x0000000080000000,0x000000008b4b9b58,0x0000000092680000)
 Metaspace       used 140856K, capacity 148460K, committed 148952K, reserved 1177600K
  class space    used 18342K, capacity 19788K, committed 19968K, reserved 1048576K
Event: 1222.446 GC heap after
Heap after GC invocations=37 (full 5):
 PSYoungGen      total 645120K, used 12667K [0x00000000d5580000, 0x00000000ffa00000, 0x0000000100000000)
  eden space 604672K, 0% used [0x00000000d5580000,0x00000000d5580000,0x00000000fa400000)
  from space 40448K, 31% used [0x00000000fd280000,0x00000000fdeded40,0x00000000ffa00000)
  to   space 44032K, 0% used [0x00000000fa400000,0x00000000fa400000,0x00000000fcf00000)
 ParOldGen       total 301568K, used 188481K [0x0000000080000000, 0x0000000092680000, 0x00000000d5580000)
  object space 301568K, 62% used [0x0000000080000000,0x000000008b810670,0x0000000092680000)
 Metaspace       used 140856K, capacity 148460K, committed 148952K, reserved 1177600K
  class space    used 18342K, capacity 19788K, committed 19968K, reserved 1048576K
}

